<?xml version="1.0" encoding="UTF-8"?>
<!-- Generated by org.testng.reporters.JUnitReportReporter -->
<testsuite hostname="IKM202300162" failures="0" tests="1" name="com.automation.SeleniumTest" time="5.109" errors="0" timestamp="2024-09-24T09:48:28 WIB" skipped="0">
  <testcase classname="com.automation.SeleniumTest" name="testLoginPage" time="5.109"/>
</testsuite> <!-- com.automation.SeleniumTest -->
